[debug] [2021-11-05T14:55:24.291Z] ----------------------------------------------------------------------
[debug] [2021-11-05T14:55:24.293Z] Command:       C:\Program Files\nodejs\node.exe C:\Users\HP\AppData\Roaming\npm\node_modules\firebase-tools\lib\bin\firebase.js init hosting
[debug] [2021-11-05T14:55:24.294Z] CLI Version:   9.18.0
[debug] [2021-11-05T14:55:24.294Z] Platform:      win32
[debug] [2021-11-05T14:55:24.294Z] Node Version:  v12.18.1
[debug] [2021-11-05T14:55:24.294Z] Time:          Fri Nov 05 2021 18:55:24 GMT+0400 (Azerbaijan Standard Time)
[debug] [2021-11-05T14:55:24.295Z] ----------------------------------------------------------------------
[debug] 
[debug] [2021-11-05T14:55:24.352Z] > command requires scopes: ["email","openid","https://www.googleapis.com/auth/cloudplatformprojects.readonly","https://www.googleapis.com/auth/firebase","https://www.googleapis.com/auth/cloud-platform"]
[debug] [2021-11-05T14:55:24.352Z] > authorizing via signed-in user (zumrudka@code.edu.az)
[info] 
     ######## #### ########  ######## ########     ###     ######  ########
     ##        ##  ##     ## ##       ##     ##  ##   ##  ##       ##
     ######    ##  ########  ######   ########  #########  ######  ######
     ##        ##  ##    ##  ##       ##     ## ##     ##       ## ##
     ##       #### ##     ## ######## ########  ##     ##  ######  ########

You're about to initialize a Firebase project in this directory:

  C:\Users\HP\Desktop\FOLDERS\Slack\slack-clone-react-firebase

Before we get started, keep in mind:

  * You are initializing within an existing Firebase project directory

